

============================== 2024-08-16 20:27:24.048135 | 6c132af1-eef4-429f-bde4-c8d8ad84553e ==============================
[0m20:27:24.048135 [info ] [MainThread]: Running with dbt=1.4.1
[0m20:27:24.048836 [debug] [MainThread]: running dbt with arguments {'write_json': True, 'use_colors': True, 'printer_width': 80, 'version_check': True, 'partial_parse': True, 'static_parser': True, 'profiles_dir': '/Users/mehrots/.dbt', 'send_anonymous_usage_stats': True, 'quiet': False, 'no_print': False, 'cache_selected_only': False, 'config_dir': False, 'which': 'debug', 'indirect_selection': 'eager'}
[0m20:27:24.048939 [debug] [MainThread]: Tracking: tracking
[0m20:27:24.066516 [debug] [MainThread]: Sending event: {'category': 'dbt', 'action': 'invocation', 'label': 'start', 'context': [<snowplow_tracker.self_describing_json.SelfDescribingJson object at 0x105173040>, <snowplow_tracker.self_describing_json.SelfDescribingJson object at 0x100ce1e80>, <snowplow_tracker.self_describing_json.SelfDescribingJson object at 0x100ce1e20>]}
[0m20:27:25.441395 [debug] [MainThread]: Executing "git --help"
[0m20:27:25.463121 [debug] [MainThread]: STDOUT: "b"usage: git [-v | --version] [-h | --help] [-C <path>] [-c <name>=<value>]\n           [--exec-path[=<path>]] [--html-path] [--man-path] [--info-path]\n           [-p | --paginate | -P | --no-pager] [--no-replace-objects] [--bare]\n           [--git-dir=<path>] [--work-tree=<path>] [--namespace=<name>]\n           [--super-prefix=<path>] [--config-env=<name>=<envvar>]\n           <command> [<args>]\n\nThese are common Git commands used in various situations:\n\nstart a working area (see also: git help tutorial)\n   clone     Clone a repository into a new directory\n   init      Create an empty Git repository or reinitialize an existing one\n\nwork on the current change (see also: git help everyday)\n   add       Add file contents to the index\n   mv        Move or rename a file, a directory, or a symlink\n   restore   Restore working tree files\n   rm        Remove files from the working tree and from the index\n\nexamine the history and state (see also: git help revisions)\n   bisect    Use binary search to find the commit that introduced a bug\n   diff      Show changes between commits, commit and working tree, etc\n   grep      Print lines matching a pattern\n   log       Show commit logs\n   show      Show various types of objects\n   status    Show the working tree status\n\ngrow, mark and tweak your common history\n   branch    List, create, or delete branches\n   commit    Record changes to the repository\n   merge     Join two or more development histories together\n   rebase    Reapply commits on top of another base tip\n   reset     Reset current HEAD to the specified state\n   switch    Switch branches\n   tag       Create, list, delete or verify a tag object signed with GPG\n\ncollaborate (see also: git help workflows)\n   fetch     Download objects and refs from another repository\n   pull      Fetch from and integrate with another repository or a local branch\n   push      Update remote refs along with associated objects\n\n'git help -a' and 'git help -g' list available subcommands and some\nconcept guides. See 'git help <command>' or 'git help <concept>'\nto read about a specific subcommand or concept.\nSee 'git help git' for an overview of the system.\n""
[0m20:27:25.463565 [debug] [MainThread]: STDERR: "b''"
[0m20:27:25.474970 [debug] [MainThread]: Acquiring new snowflake connection 'debug'
[0m20:27:25.475788 [debug] [MainThread]: Using snowflake connection "debug"
[0m20:27:25.475969 [debug] [MainThread]: On debug: select 1 as id
[0m20:27:25.476145 [debug] [MainThread]: Opening a new connection, currently in state init
[0m20:27:29.309569 [debug] [MainThread]: Snowflake adapter: Error running SQL: select 1 as id
[0m20:27:29.310074 [debug] [MainThread]: Snowflake adapter: Rolling back transaction.
[0m20:27:29.310416 [debug] [MainThread]: On debug: No close available on handle
[0m20:27:29.310979 [debug] [MainThread]: Sending event: {'category': 'dbt', 'action': 'invocation', 'label': 'end', 'context': [<snowplow_tracker.self_describing_json.SelfDescribingJson object at 0x11e43a610>, <snowplow_tracker.self_describing_json.SelfDescribingJson object at 0x11e43aca0>, <snowplow_tracker.self_describing_json.SelfDescribingJson object at 0x11e44b820>]}
[0m20:27:29.311449 [debug] [MainThread]: Flushing usage events
[0m20:27:29.806969 [debug] [MainThread]: Connection 'debug' was properly closed.


============================== 2024-08-16 20:28:59.358577 | 75c7d5cb-88df-4f78-9ea7-4082ed2e74b4 ==============================
[0m20:28:59.358577 [info ] [MainThread]: Running with dbt=1.4.1
[0m20:28:59.359314 [debug] [MainThread]: running dbt with arguments {'write_json': True, 'use_colors': True, 'printer_width': 80, 'version_check': True, 'partial_parse': True, 'static_parser': True, 'profiles_dir': '/Users/mehrots/.dbt', 'send_anonymous_usage_stats': True, 'quiet': False, 'no_print': False, 'cache_selected_only': False, 'config_dir': False, 'which': 'debug', 'indirect_selection': 'eager'}
[0m20:28:59.359416 [debug] [MainThread]: Tracking: tracking
[0m20:28:59.378000 [debug] [MainThread]: Sending event: {'category': 'dbt', 'action': 'invocation', 'label': 'start', 'context': [<snowplow_tracker.self_describing_json.SelfDescribingJson object at 0x106da3f70>, <snowplow_tracker.self_describing_json.SelfDescribingJson object at 0x1024cde80>, <snowplow_tracker.self_describing_json.SelfDescribingJson object at 0x1024cde20>]}
[0m20:28:59.945417 [debug] [MainThread]: Executing "git --help"
[0m20:28:59.963709 [debug] [MainThread]: STDOUT: "b"usage: git [-v | --version] [-h | --help] [-C <path>] [-c <name>=<value>]\n           [--exec-path[=<path>]] [--html-path] [--man-path] [--info-path]\n           [-p | --paginate | -P | --no-pager] [--no-replace-objects] [--bare]\n           [--git-dir=<path>] [--work-tree=<path>] [--namespace=<name>]\n           [--super-prefix=<path>] [--config-env=<name>=<envvar>]\n           <command> [<args>]\n\nThese are common Git commands used in various situations:\n\nstart a working area (see also: git help tutorial)\n   clone     Clone a repository into a new directory\n   init      Create an empty Git repository or reinitialize an existing one\n\nwork on the current change (see also: git help everyday)\n   add       Add file contents to the index\n   mv        Move or rename a file, a directory, or a symlink\n   restore   Restore working tree files\n   rm        Remove files from the working tree and from the index\n\nexamine the history and state (see also: git help revisions)\n   bisect    Use binary search to find the commit that introduced a bug\n   diff      Show changes between commits, commit and working tree, etc\n   grep      Print lines matching a pattern\n   log       Show commit logs\n   show      Show various types of objects\n   status    Show the working tree status\n\ngrow, mark and tweak your common history\n   branch    List, create, or delete branches\n   commit    Record changes to the repository\n   merge     Join two or more development histories together\n   rebase    Reapply commits on top of another base tip\n   reset     Reset current HEAD to the specified state\n   switch    Switch branches\n   tag       Create, list, delete or verify a tag object signed with GPG\n\ncollaborate (see also: git help workflows)\n   fetch     Download objects and refs from another repository\n   pull      Fetch from and integrate with another repository or a local branch\n   push      Update remote refs along with associated objects\n\n'git help -a' and 'git help -g' list available subcommands and some\nconcept guides. See 'git help <command>' or 'git help <concept>'\nto read about a specific subcommand or concept.\nSee 'git help git' for an overview of the system.\n""
[0m20:28:59.964151 [debug] [MainThread]: STDERR: "b''"
[0m20:28:59.970920 [debug] [MainThread]: Acquiring new snowflake connection 'debug'
[0m20:28:59.971843 [debug] [MainThread]: Using snowflake connection "debug"
[0m20:28:59.972043 [debug] [MainThread]: On debug: select 1 as id
[0m20:28:59.972208 [debug] [MainThread]: Opening a new connection, currently in state init
[0m20:29:02.058920 [debug] [MainThread]: Snowflake adapter: Error running SQL: select 1 as id
[0m20:29:02.059413 [debug] [MainThread]: Snowflake adapter: Rolling back transaction.
[0m20:29:02.059746 [debug] [MainThread]: On debug: No close available on handle
[0m20:29:02.060303 [debug] [MainThread]: Sending event: {'category': 'dbt', 'action': 'invocation', 'label': 'end', 'context': [<snowplow_tracker.self_describing_json.SelfDescribingJson object at 0x12637d610>, <snowplow_tracker.self_describing_json.SelfDescribingJson object at 0x12637dca0>, <snowplow_tracker.self_describing_json.SelfDescribingJson object at 0x12638c7f0>]}
[0m20:29:02.060716 [debug] [MainThread]: Flushing usage events
[0m20:29:02.589694 [debug] [MainThread]: Connection 'debug' was properly closed.


============================== 2024-08-16 20:31:09.254080 | 4931fe03-d564-40e3-bdc4-87ddeaf3d3b4 ==============================
[0m20:31:09.254080 [info ] [MainThread]: Running with dbt=1.4.1
[0m20:31:09.254789 [debug] [MainThread]: running dbt with arguments {'write_json': True, 'use_colors': True, 'printer_width': 80, 'version_check': True, 'partial_parse': True, 'static_parser': True, 'profiles_dir': '/Users/mehrots/.dbt', 'send_anonymous_usage_stats': True, 'quiet': False, 'no_print': False, 'cache_selected_only': False, 'config_dir': False, 'which': 'debug', 'indirect_selection': 'eager'}
[0m20:31:09.254886 [debug] [MainThread]: Tracking: tracking
[0m20:31:09.267399 [debug] [MainThread]: Sending event: {'category': 'dbt', 'action': 'invocation', 'label': 'start', 'context': [<snowplow_tracker.self_describing_json.SelfDescribingJson object at 0x1116e3f10>, <snowplow_tracker.self_describing_json.SelfDescribingJson object at 0x104321e50>, <snowplow_tracker.self_describing_json.SelfDescribingJson object at 0x104321e20>]}
[0m20:31:09.841365 [debug] [MainThread]: Executing "git --help"
[0m20:31:09.860946 [debug] [MainThread]: STDOUT: "b"usage: git [-v | --version] [-h | --help] [-C <path>] [-c <name>=<value>]\n           [--exec-path[=<path>]] [--html-path] [--man-path] [--info-path]\n           [-p | --paginate | -P | --no-pager] [--no-replace-objects] [--bare]\n           [--git-dir=<path>] [--work-tree=<path>] [--namespace=<name>]\n           [--super-prefix=<path>] [--config-env=<name>=<envvar>]\n           <command> [<args>]\n\nThese are common Git commands used in various situations:\n\nstart a working area (see also: git help tutorial)\n   clone     Clone a repository into a new directory\n   init      Create an empty Git repository or reinitialize an existing one\n\nwork on the current change (see also: git help everyday)\n   add       Add file contents to the index\n   mv        Move or rename a file, a directory, or a symlink\n   restore   Restore working tree files\n   rm        Remove files from the working tree and from the index\n\nexamine the history and state (see also: git help revisions)\n   bisect    Use binary search to find the commit that introduced a bug\n   diff      Show changes between commits, commit and working tree, etc\n   grep      Print lines matching a pattern\n   log       Show commit logs\n   show      Show various types of objects\n   status    Show the working tree status\n\ngrow, mark and tweak your common history\n   branch    List, create, or delete branches\n   commit    Record changes to the repository\n   merge     Join two or more development histories together\n   rebase    Reapply commits on top of another base tip\n   reset     Reset current HEAD to the specified state\n   switch    Switch branches\n   tag       Create, list, delete or verify a tag object signed with GPG\n\ncollaborate (see also: git help workflows)\n   fetch     Download objects and refs from another repository\n   pull      Fetch from and integrate with another repository or a local branch\n   push      Update remote refs along with associated objects\n\n'git help -a' and 'git help -g' list available subcommands and some\nconcept guides. See 'git help <command>' or 'git help <concept>'\nto read about a specific subcommand or concept.\nSee 'git help git' for an overview of the system.\n""
[0m20:31:09.861424 [debug] [MainThread]: STDERR: "b''"
[0m20:31:09.868190 [debug] [MainThread]: Acquiring new snowflake connection 'debug'
[0m20:31:09.869030 [debug] [MainThread]: Using snowflake connection "debug"
[0m20:31:09.869175 [debug] [MainThread]: On debug: select 1 as id
[0m20:31:09.869345 [debug] [MainThread]: Opening a new connection, currently in state init
[0m20:31:11.193020 [debug] [MainThread]: SQL status: SUCCESS 1 in 1 seconds
[0m20:31:11.195474 [debug] [MainThread]: On debug: Close
[0m20:31:11.387720 [debug] [MainThread]: Sending event: {'category': 'dbt', 'action': 'invocation', 'label': 'end', 'context': [<snowplow_tracker.self_describing_json.SelfDescribingJson object at 0x146d2fa60>, <snowplow_tracker.self_describing_json.SelfDescribingJson object at 0x1468665e0>, <snowplow_tracker.self_describing_json.SelfDescribingJson object at 0x1468a3af0>]}
[0m20:31:11.388546 [debug] [MainThread]: Flushing usage events
[0m20:31:11.892469 [debug] [MainThread]: Connection 'debug' was properly closed.


============================== 2024-08-16 20:32:13.313600 | 534df267-6dd7-4d8e-afb6-2fd86bdcf09b ==============================
[0m20:32:13.313600 [info ] [MainThread]: Running with dbt=1.4.1
[0m20:32:13.314301 [debug] [MainThread]: running dbt with arguments {'write_json': True, 'use_colors': True, 'printer_width': 80, 'version_check': True, 'partial_parse': True, 'static_parser': True, 'profiles_dir': '/Users/mehrots/.dbt', 'send_anonymous_usage_stats': True, 'quiet': False, 'no_print': False, 'cache_selected_only': False, 'config_dir': False, 'which': 'debug', 'indirect_selection': 'eager'}
[0m20:32:13.314402 [debug] [MainThread]: Tracking: tracking
[0m20:32:13.327180 [debug] [MainThread]: Sending event: {'category': 'dbt', 'action': 'invocation', 'label': 'start', 'context': [<snowplow_tracker.self_describing_json.SelfDescribingJson object at 0x1071a4eb0>, <snowplow_tracker.self_describing_json.SelfDescribingJson object at 0x1025c5e50>, <snowplow_tracker.self_describing_json.SelfDescribingJson object at 0x1025c5fa0>]}
[0m20:32:13.883155 [debug] [MainThread]: Executing "git --help"
[0m20:32:13.902276 [debug] [MainThread]: STDOUT: "b"usage: git [-v | --version] [-h | --help] [-C <path>] [-c <name>=<value>]\n           [--exec-path[=<path>]] [--html-path] [--man-path] [--info-path]\n           [-p | --paginate | -P | --no-pager] [--no-replace-objects] [--bare]\n           [--git-dir=<path>] [--work-tree=<path>] [--namespace=<name>]\n           [--super-prefix=<path>] [--config-env=<name>=<envvar>]\n           <command> [<args>]\n\nThese are common Git commands used in various situations:\n\nstart a working area (see also: git help tutorial)\n   clone     Clone a repository into a new directory\n   init      Create an empty Git repository or reinitialize an existing one\n\nwork on the current change (see also: git help everyday)\n   add       Add file contents to the index\n   mv        Move or rename a file, a directory, or a symlink\n   restore   Restore working tree files\n   rm        Remove files from the working tree and from the index\n\nexamine the history and state (see also: git help revisions)\n   bisect    Use binary search to find the commit that introduced a bug\n   diff      Show changes between commits, commit and working tree, etc\n   grep      Print lines matching a pattern\n   log       Show commit logs\n   show      Show various types of objects\n   status    Show the working tree status\n\ngrow, mark and tweak your common history\n   branch    List, create, or delete branches\n   commit    Record changes to the repository\n   merge     Join two or more development histories together\n   rebase    Reapply commits on top of another base tip\n   reset     Reset current HEAD to the specified state\n   switch    Switch branches\n   tag       Create, list, delete or verify a tag object signed with GPG\n\ncollaborate (see also: git help workflows)\n   fetch     Download objects and refs from another repository\n   pull      Fetch from and integrate with another repository or a local branch\n   push      Update remote refs along with associated objects\n\n'git help -a' and 'git help -g' list available subcommands and some\nconcept guides. See 'git help <command>' or 'git help <concept>'\nto read about a specific subcommand or concept.\nSee 'git help git' for an overview of the system.\n""
[0m20:32:13.902719 [debug] [MainThread]: STDERR: "b''"
[0m20:32:13.909290 [debug] [MainThread]: Acquiring new snowflake connection 'debug'
[0m20:32:13.910083 [debug] [MainThread]: Using snowflake connection "debug"
[0m20:32:13.910227 [debug] [MainThread]: On debug: select 1 as id
[0m20:32:13.910373 [debug] [MainThread]: Opening a new connection, currently in state init
[0m20:32:14.799097 [debug] [MainThread]: SQL status: SUCCESS 1 in 1 seconds
[0m20:32:14.801238 [debug] [MainThread]: On debug: Close
[0m20:32:14.975650 [debug] [MainThread]: Sending event: {'category': 'dbt', 'action': 'invocation', 'label': 'end', 'context': [<snowplow_tracker.self_describing_json.SelfDescribingJson object at 0x127992760>, <snowplow_tracker.self_describing_json.SelfDescribingJson object at 0x127f1a550>, <snowplow_tracker.self_describing_json.SelfDescribingJson object at 0x105b66250>]}
[0m20:32:14.976485 [debug] [MainThread]: Flushing usage events
[0m20:32:15.420406 [debug] [MainThread]: Connection 'debug' was properly closed.


============================== 2024-08-16 20:32:40.798661 | d1dc41dd-d07e-46e2-b16e-039e91d85cda ==============================
[0m20:32:40.798661 [info ] [MainThread]: Running with dbt=1.4.1
[0m20:32:40.799370 [debug] [MainThread]: running dbt with arguments {'write_json': True, 'use_colors': True, 'printer_width': 80, 'version_check': True, 'partial_parse': True, 'static_parser': True, 'profiles_dir': '/Users/mehrots/.dbt', 'send_anonymous_usage_stats': True, 'quiet': False, 'no_print': False, 'cache_selected_only': False, 'config_dir': False, 'which': 'debug', 'indirect_selection': 'eager'}
[0m20:32:40.799471 [debug] [MainThread]: Tracking: tracking
[0m20:32:40.812536 [debug] [MainThread]: Sending event: {'category': 'dbt', 'action': 'invocation', 'label': 'start', 'context': [<snowplow_tracker.self_describing_json.SelfDescribingJson object at 0x1090f7f70>, <snowplow_tracker.self_describing_json.SelfDescribingJson object at 0x104c65e80>, <snowplow_tracker.self_describing_json.SelfDescribingJson object at 0x104c65e20>]}
[0m20:32:41.394433 [debug] [MainThread]: Executing "git --help"
[0m20:32:41.414516 [debug] [MainThread]: STDOUT: "b"usage: git [-v | --version] [-h | --help] [-C <path>] [-c <name>=<value>]\n           [--exec-path[=<path>]] [--html-path] [--man-path] [--info-path]\n           [-p | --paginate | -P | --no-pager] [--no-replace-objects] [--bare]\n           [--git-dir=<path>] [--work-tree=<path>] [--namespace=<name>]\n           [--super-prefix=<path>] [--config-env=<name>=<envvar>]\n           <command> [<args>]\n\nThese are common Git commands used in various situations:\n\nstart a working area (see also: git help tutorial)\n   clone     Clone a repository into a new directory\n   init      Create an empty Git repository or reinitialize an existing one\n\nwork on the current change (see also: git help everyday)\n   add       Add file contents to the index\n   mv        Move or rename a file, a directory, or a symlink\n   restore   Restore working tree files\n   rm        Remove files from the working tree and from the index\n\nexamine the history and state (see also: git help revisions)\n   bisect    Use binary search to find the commit that introduced a bug\n   diff      Show changes between commits, commit and working tree, etc\n   grep      Print lines matching a pattern\n   log       Show commit logs\n   show      Show various types of objects\n   status    Show the working tree status\n\ngrow, mark and tweak your common history\n   branch    List, create, or delete branches\n   commit    Record changes to the repository\n   merge     Join two or more development histories together\n   rebase    Reapply commits on top of another base tip\n   reset     Reset current HEAD to the specified state\n   switch    Switch branches\n   tag       Create, list, delete or verify a tag object signed with GPG\n\ncollaborate (see also: git help workflows)\n   fetch     Download objects and refs from another repository\n   pull      Fetch from and integrate with another repository or a local branch\n   push      Update remote refs along with associated objects\n\n'git help -a' and 'git help -g' list available subcommands and some\nconcept guides. See 'git help <command>' or 'git help <concept>'\nto read about a specific subcommand or concept.\nSee 'git help git' for an overview of the system.\n""
[0m20:32:41.414990 [debug] [MainThread]: STDERR: "b''"
[0m20:32:41.422066 [debug] [MainThread]: Acquiring new snowflake connection 'debug'
[0m20:32:41.422820 [debug] [MainThread]: Using snowflake connection "debug"
[0m20:32:41.422970 [debug] [MainThread]: On debug: select 1 as id
[0m20:32:41.423153 [debug] [MainThread]: Opening a new connection, currently in state init
[0m20:32:42.322901 [debug] [MainThread]: SQL status: SUCCESS 1 in 1 seconds
[0m20:32:42.325500 [debug] [MainThread]: On debug: Close
[0m20:32:42.519177 [debug] [MainThread]: Sending event: {'category': 'dbt', 'action': 'invocation', 'label': 'end', 'context': [<snowplow_tracker.self_describing_json.SelfDescribingJson object at 0x119ca6460>, <snowplow_tracker.self_describing_json.SelfDescribingJson object at 0x104c65e80>, <snowplow_tracker.self_describing_json.SelfDescribingJson object at 0x119ce3d00>]}
[0m20:32:42.519886 [debug] [MainThread]: Flushing usage events
[0m20:32:43.089124 [debug] [MainThread]: Connection 'debug' was properly closed.


============================== 2024-08-16 20:33:49.070084 | 53b015a6-805d-40cb-9dee-bdeaa6825ba6 ==============================
[0m20:33:49.070084 [info ] [MainThread]: Running with dbt=1.4.1
[0m20:33:49.070797 [debug] [MainThread]: running dbt with arguments {'write_json': True, 'use_colors': True, 'printer_width': 80, 'version_check': True, 'partial_parse': True, 'static_parser': True, 'profiles_dir': '/Users/mehrots/.dbt', 'send_anonymous_usage_stats': True, 'quiet': False, 'no_print': False, 'cache_selected_only': False, 'config_dir': False, 'which': 'debug', 'indirect_selection': 'eager'}
[0m20:33:49.070898 [debug] [MainThread]: Tracking: tracking
[0m20:33:49.090178 [debug] [MainThread]: Sending event: {'category': 'dbt', 'action': 'invocation', 'label': 'start', 'context': [<snowplow_tracker.self_describing_json.SelfDescribingJson object at 0x104d7de20>, <snowplow_tracker.self_describing_json.SelfDescribingJson object at 0x109ff7ac0>, <snowplow_tracker.self_describing_json.SelfDescribingJson object at 0x109ff7fa0>]}
[0m20:33:49.660723 [debug] [MainThread]: Executing "git --help"
[0m20:33:49.679887 [debug] [MainThread]: STDOUT: "b"usage: git [-v | --version] [-h | --help] [-C <path>] [-c <name>=<value>]\n           [--exec-path[=<path>]] [--html-path] [--man-path] [--info-path]\n           [-p | --paginate | -P | --no-pager] [--no-replace-objects] [--bare]\n           [--git-dir=<path>] [--work-tree=<path>] [--namespace=<name>]\n           [--super-prefix=<path>] [--config-env=<name>=<envvar>]\n           <command> [<args>]\n\nThese are common Git commands used in various situations:\n\nstart a working area (see also: git help tutorial)\n   clone     Clone a repository into a new directory\n   init      Create an empty Git repository or reinitialize an existing one\n\nwork on the current change (see also: git help everyday)\n   add       Add file contents to the index\n   mv        Move or rename a file, a directory, or a symlink\n   restore   Restore working tree files\n   rm        Remove files from the working tree and from the index\n\nexamine the history and state (see also: git help revisions)\n   bisect    Use binary search to find the commit that introduced a bug\n   diff      Show changes between commits, commit and working tree, etc\n   grep      Print lines matching a pattern\n   log       Show commit logs\n   show      Show various types of objects\n   status    Show the working tree status\n\ngrow, mark and tweak your common history\n   branch    List, create, or delete branches\n   commit    Record changes to the repository\n   merge     Join two or more development histories together\n   rebase    Reapply commits on top of another base tip\n   reset     Reset current HEAD to the specified state\n   switch    Switch branches\n   tag       Create, list, delete or verify a tag object signed with GPG\n\ncollaborate (see also: git help workflows)\n   fetch     Download objects and refs from another repository\n   pull      Fetch from and integrate with another repository or a local branch\n   push      Update remote refs along with associated objects\n\n'git help -a' and 'git help -g' list available subcommands and some\nconcept guides. See 'git help <command>' or 'git help <concept>'\nto read about a specific subcommand or concept.\nSee 'git help git' for an overview of the system.\n""
[0m20:33:49.680335 [debug] [MainThread]: STDERR: "b''"
[0m20:33:49.687305 [debug] [MainThread]: Acquiring new snowflake connection 'debug'
[0m20:33:49.688201 [debug] [MainThread]: Using snowflake connection "debug"
[0m20:33:49.688379 [debug] [MainThread]: On debug: select 1 as id
[0m20:33:49.688550 [debug] [MainThread]: Opening a new connection, currently in state init
[0m20:33:50.516067 [debug] [MainThread]: SQL status: SUCCESS 1 in 1 seconds
[0m20:33:50.519391 [debug] [MainThread]: On debug: Close
[0m20:33:50.683860 [debug] [MainThread]: Sending event: {'category': 'dbt', 'action': 'invocation', 'label': 'end', 'context': [<snowplow_tracker.self_describing_json.SelfDescribingJson object at 0x11b92e670>, <snowplow_tracker.self_describing_json.SelfDescribingJson object at 0x11b441850>, <snowplow_tracker.self_describing_json.SelfDescribingJson object at 0x11b441e50>]}
[0m20:33:50.684443 [debug] [MainThread]: Flushing usage events
[0m20:33:51.133094 [debug] [MainThread]: Connection 'debug' was properly closed.
